<?xml version="1.0" encoding="utf-8"?><testsuites name="pytest tests"><testsuite name="pytest" errors="0" failures="0" skipped="0" tests="7" time="1.774" timestamp="2026-09-09T02:20:10.607681+00:00" hostname="agent-env-59e082a9-6cf2-463f-8be1-ec4648cfa447"><testcase classname="tests.test_apple_auth.TestAppleSignInRateLimit" name="test_repeated_failures_eventually_rate_limited" time="1.451" /><testcase classname="tests.test_apple_auth.TestAppleSignInMalformedToken" name="test_garbage_string_token_returns_401" time="0.188" /><testcase classname="tests.test_apple_auth.TestAppleSignInMalformedToken" name="test_empty_string_token_returns_401_or_422" time="0.127" /><testcase classname="tests.test_apple_auth.TestAppleSignInMalformedToken" name="test_missing_identity_token_field_returns_422" time="0.167" /><testcase classname="tests.test_apple_auth.TestAppleSignInMalformedToken" name="test_well_formed_but_unsigned_jwt_returns_401" time="0.152" /><testcase classname="tests.test_apple_auth.TestAppleSignInMalformedToken" name="test_never_500_on_various_bad_inputs" time="0.476" /><testcase classname="tests.test_apple_auth.TestAppleSignInMalformedToken" name="test_extra_optional_fields_dont_break_validation" time="0.128" /></testsuite></testsuites>