<?xml version="1.0" encoding="utf-8"?><testsuites name="pytest tests"><testsuite name="pytest" errors="0" failures="0" skipped="0" tests="14" time="24.155" timestamp="2026-09-09T02:19:28.987265+00:00" hostname="agent-env-59e082a9-6cf2-463f-8be1-ec4648cfa447"><testcase classname="tests.test_course_import.TestCreateImport" name="test_import_forbidden_for_client" time="0.691" /><testcase classname="tests.test_course_import.TestCreateImport" name="test_import_requires_auth" time="0.148" /><testcase classname="tests.test_course_import.TestCreateImport" name="test_import_two_files_ai_organizes" time="6.063" /><testcase classname="tests.test_course_import.TestConfirmImport" name="test_confirm_creates_course_with_lessons" time="6.988" /><testcase classname="tests.test_course_import.TestCreateImport" name="test_import_more_than_10_files_rejected" time="0.158" /><testcase classname="tests.test_course_import.TestCreateImport" name="test_import_unsupported_file_type_reported_not_crashed" time="5.747" /><testcase classname="tests.test_course_import.TestConfirmImport" name="test_confirm_twice_fails_400" time="5.925" /><testcase classname="tests.test_course_import.TestCreateImport" name="test_import_all_unsupported_files_400" time="0.179" /><testcase classname="tests.test_course_import.TestCreateImport" name="test_import_no_files_400" time="0.144" /><testcase classname="tests.test_course_import.TestConfirmImport" name="test_confirm_empty_modules_400" time="5.564" /><testcase classname="tests.test_course_import.TestGetImport" name="test_get_import_owner_ok" time="7.384" /><testcase classname="tests.test_course_import.TestGetImport" name="test_get_import_not_owner_forbidden_or_404" time="0.117" /><testcase classname="tests.test_course_import.TestGetImport" name="test_get_import_nonexistent_404" time="0.146" /><testcase classname="tests.test_course_import.TestConfirmImport" name="test_confirm_maps_file_kinds_to_lesson_fields" time="5.348" /></testsuite></testsuites>