<?xml version="1.0" encoding="utf-8"?><testsuites name="pytest tests"><testsuite name="pytest" errors="0" failures="0" skipped="0" tests="14" time="45.491" timestamp="2026-09-09T00:03:08.466839+00:00" hostname="agent-env-59e082a9-6cf2-463f-8be1-ec4648cfa447"><testcase classname="tests.test_course_import.TestCreateImport" name="test_import_forbidden_for_client" time="0.589" /><testcase classname="tests.test_course_import.TestCreateImport" name="test_import_requires_auth" time="0.151" /><testcase classname="tests.test_course_import.TestCreateImport" name="test_import_two_files_ai_organizes" time="7.328" /><testcase classname="tests.test_course_import.TestCreateImport" name="test_import_more_than_10_files_rejected" time="0.178" /><testcase classname="tests.test_course_import.TestCreateImport" name="test_import_unsupported_file_type_reported_not_crashed" time="10.821" /><testcase classname="tests.test_course_import.TestConfirmImport" name="test_confirm_creates_course_with_lessons" time="8.930" /><testcase classname="tests.test_course_import.TestConfirmImport" name="test_confirm_twice_fails_400" time="8.339" /><testcase classname="tests.test_course_import.TestCreateImport" name="test_import_all_unsupported_files_400" time="0.182" /><testcase classname="tests.test_course_import.TestCreateImport" name="test_import_no_files_400" time="0.159" /><testcase classname="tests.test_course_import.TestConfirmImport" name="test_confirm_empty_modules_400" time="8.074" /><testcase classname="tests.test_course_import.TestConfirmImport" name="test_confirm_maps_file_kinds_to_lesson_fields" time="8.074" /><testcase classname="tests.test_course_import.TestGetImport" name="test_get_import_owner_ok" time="11.063" /><testcase classname="tests.test_course_import.TestGetImport" name="test_get_import_not_owner_forbidden_or_404" time="0.552" /><testcase classname="tests.test_course_import.TestGetImport" name="test_get_import_nonexistent_404" time="0.143" /></testsuite></testsuites>