<?xml version="1.0" encoding="utf-8"?><testsuites name="pytest tests"><testsuite name="pytest" errors="0" failures="1" skipped="0" tests="13" time="7.887" timestamp="2026-09-01T23:55:17.505953+00:00" hostname="agent-env-59e082a9-6cf2-463f-8be1-ec4648cfa447"><testcase classname="tests.test_exercise_ai.TestSmokeRegression" name="test_coach_login_returns_user" time="0.460" /><testcase classname="tests.test_exercise_ai.TestExerciseGuide" name="test_invalid_short_name_returns_400" time="0.887"><failure message="AssertionError: {&quot;detail&quot;:[{&quot;type&quot;:&quot;string_too_short&quot;,&quot;loc&quot;:[&quot;query&quot;,&quot;name&quot;],&quot;msg&quot;:&quot;String should have at least 2 characters&quot;,&quot;input&quot;:&quot;a&quot;,&quot;ctx&quot;:{&quot;min_length&quot;:2},&quot;url&quot;:&quot;https://errors.pydantic.dev/2.13/v/string_too_short&quot;}]}&#10;assert 422 == 400&#10; +  where 422 = &lt;Response [422]&gt;.status_code">backend/tests/test_exercise_ai.py:102: in test_invalid_short_name_returns_400
    assert r.status_code == 400, r.text
E   AssertionError: {"detail":[{"type":"string_too_short","loc":["query","name"],"msg":"String should have at least 2 characters","input":"a","ctx":{"min_length":2},"url":"https://errors.pydantic.dev/2.13/v/string_too_short"}]}
E   assert 422 == 400
E    +  where 422 = &lt;Response [422]&gt;.status_code</failure></testcase><testcase classname="tests.test_exercise_ai.TestExerciseGuide" name="test_missing_name_returns_422" time="0.059" /><testcase classname="tests.test_exercise_ai.TestSmokeRegression" name="test_client_login_returns_user" time="0.460" /><testcase classname="tests.test_exercise_ai.TestSmokeRegression" name="test_coach_clients_list" time="0.230" /><testcase classname="tests.test_exercise_ai.TestExerciseGuide" name="test_coach_can_generate_guide" time="2.475" /><testcase classname="tests.test_exercise_ai.TestSmokeRegression" name="test_programs_list_coach" time="0.098" /><testcase classname="tests.test_exercise_ai.TestSmokeRegression" name="test_no_auth_rejected" time="0.138" /><testcase classname="tests.test_exercise_ai.TestForgotPasswordRegression" name="test_forgot_password_no_500" time="0.838" /><testcase classname="tests.test_exercise_ai.TestForgotPasswordRegression" name="test_forgot_password_unknown_email_no_500" time="0.079" /><testcase classname="tests.test_exercise_ai.TestBookingReminderRegression" name="test_run_reminders_no_500" time="0.091" /><testcase classname="tests.test_exercise_ai.TestExerciseGuide" name="test_client_role_can_also_access" time="2.041" /><testcase classname="tests.test_exercise_ai.TestExerciseGuide" name="test_search_links_never_llm_hallucinated" time="2.099" /></testsuite></testsuites>