<?xml version="1.0" encoding="utf-8"?><testsuites name="pytest tests"><testsuite name="pytest" errors="0" failures="2" skipped="3" tests="205" time="149.936" timestamp="2026-09-02T00:44:36.794868+00:00" hostname="agent-env-59e082a9-6cf2-463f-8be1-ec4648cfa447"><testcase classname="tests.backend_test.TestAuth" name="test_root" time="0.202" /><testcase classname="tests.backend_test.TestAuth" name="test_register_and_login" time="0.952" /><testcase classname="tests.backend_test.TestAuth" name="test_me_endpoint" time="0.444" /><testcase classname="tests.backend_test.TestAuth" name="test_me_no_auth" time="0.062" /><testcase classname="tests.backend_test.TestAuth" name="test_session_invalid" time="0.190" /><testcase classname="tests.backend_test.TestRoleAndOnboarding" name="test_role_and_onboarding_set" time="0.439" /><testcase classname="tests.backend_test.TestRoleAndOnboarding" name="test_onboarding_validation" time="0.139" /><testcase classname="tests.backend_test.TestRoleAndOnboarding" name="test_role_validation" time="0.075" /><testcase classname="tests.backend_test.TestSessions" name="test_create_and_get_session" time="0.212" /><testcase classname="tests.backend_test.TestSessions" name="test_list_sessions_owner_only" time="0.067" /><testcase classname="tests.backend_test.TestSessions" name="test_session_create_requires_coach" time="0.067" /><testcase classname="tests.backend_test.TestPrograms" name="test_program_created_with_schedule" time="0.000" /><testcase classname="tests.backend_test.TestPrograms" name="test_get_program_expands_schedule" time="0.073" /><testcase classname="tests.backend_test.TestPrograms" name="test_bad_category" time="0.065" /><testcase classname="tests.backend_test.TestPrograms" name="test_bad_total_days" time="0.066" /><testcase classname="tests.backend_test.TestPrograms" name="test_schedule_length_mismatch" time="0.064" /><testcase classname="tests.backend_test.TestPrograms" name="test_program_create_requires_coach" time="0.068" /><testcase classname="tests.backend_test.TestPrograms" name="test_update_program_resize" time="0.143" /><testcase classname="tests.backend_test.TestInvites" name="test_client_cannot_create_invite" time="0.067" /><testcase classname="tests.backend_test.TestInvites" name="test_coach_invite_idempotent" time="0.143" /><testcase classname="tests.backend_test.TestInvites" name="test_accept_by_code_and_by_email" time="1.165" /><testcase classname="tests.backend_test.TestInvites" name="test_cannot_connect_to_self" time="0.072" /><testcase classname="tests.backend_test.TestCoachEndpoints" name="test_authz_client_cannot_use_coach_routes" time="0.204" /><testcase classname="tests.backend_test.TestCoachEndpoints" name="test_list_clients_and_status" time="0.723" /><testcase classname="tests.backend_test.TestCoachEndpoints" name="test_client_detail" time="0.070" /><testcase classname="tests.backend_test.TestCoachEndpoints" name="test_client_detail_wrong_client_404" time="0.087" /><testcase classname="tests.backend_test.TestCoachEndpoints" name="test_coach_stats_and_activity" time="0.137" /><testcase classname="tests.backend_test.TestCoachEndpoints" name="test_assign_unknown_client_404" time="0.066" /><testcase classname="tests.backend_test.TestCoachEndpoints" name="test_assign_requires_coach_role" time="0.113" /><testcase classname="tests.backend_test.TestClientDashboardAndLogs" name="test_dashboard_shows_today_session" time="0.069" /><testcase classname="tests.backend_test.TestClientDashboardAndLogs" name="test_workout_log_advances_day" time="0.142" /><testcase classname="tests.backend_test.TestClientDashboardAndLogs" name="test_body_log_and_progress" time="0.267" /><testcase classname="tests.backend_test.TestCheckout" name="test_create_subscription_checkout" time="0.475" /><testcase classname="tests.backend_test.TestCheckout" name="test_checkout_no_auth" time="0.065" /><testcase classname="tests.test_exercise_ai.TestSmokeRegression" name="test_coach_login_returns_user" time="0.384" /><testcase classname="tests.test_exercise_ai.TestSmokeRegression" name="test_client_login_returns_user" time="0.292" /><testcase classname="tests.test_exercise_ai.TestSmokeRegression" name="test_coach_clients_list" time="0.088" /><testcase classname="tests.test_exercise_ai.TestSmokeRegression" name="test_programs_list_coach" time="0.088" /><testcase classname="tests.test_exercise_ai.TestSmokeRegression" name="test_no_auth_rejected" time="0.065" /><testcase classname="tests.test_exercise_ai.TestBookingReminderRegression" name="test_run_reminders_no_500" time="0.071" /><testcase classname="tests.test_exercise_ai.TestForgotPasswordRegression" name="test_forgot_password_no_500" time="0.070"><failure message="AssertionError: {&quot;detail&quot;:&quot;Too many attempts. Please try again later.&quot;}&#10;assert 429 in (200, 202)&#10; +  where 429 = &lt;Response [429]&gt;.status_code">E   AssertionError: {"detail":"Too many attempts. Please try again later."}
    assert 429 in (200, 202)
     +  where 429 = &lt;Response [429]&gt;.status_code</failure></testcase><testcase classname="tests.test_exercise_ai.TestForgotPasswordRegression" name="test_forgot_password_unknown_email_no_500" time="0.071" /><testcase classname="tests.test_exercise_ai.TestExerciseGuide" name="test_invalid_short_name_returns_400" time="0.066" /><testcase classname="tests.test_exercise_ai.TestExerciseGuide" name="test_missing_name_returns_422" time="0.069" /><testcase classname="tests.test_exercise_ai.TestExerciseGuide" name="test_coach_can_generate_guide" time="2.693" /><testcase classname="tests.test_exercise_ai.TestExerciseGuide" name="test_client_role_can_also_access" time="1.625" /><testcase classname="tests.test_exercise_ai.TestExerciseGuide" name="test_search_links_never_llm_hallucinated" time="6.486" /><testcase classname="tests.test_phase2.TestRegressionSmoke" name="test_root" time="0.177" /><testcase classname="tests.test_phase2.TestRegressionSmoke" name="test_demo_coach_login_and_me" time="0.069"><skipped type="pytest.skip" message="coach.demo login failed: 401 {&quot;detail&quot;:&quot;Incorrect email or password&quot;}">/app/backend/tests/test_phase2.py:97: coach.demo login failed: 401 {"detail":"Incorrect email or password"}</skipped></testcase><testcase classname="tests.test_phase2.TestRegressionSmoke" name="test_demo_client_login_and_dashboard" time="0.066"><skipped type="pytest.skip" message="client.demo login failed: 401 {&quot;detail&quot;:&quot;Incorrect email or password&quot;}">/app/backend/tests/test_phase2.py:104: client.demo login failed: 401 {"detail":"Incorrect email or password"}</skipped></testcase><testcase classname="tests.test_phase2.TestRegressionSmoke" name="test_demo_coach_clients" time="0.000"><skipped type="pytest.skip" message="coach.demo login failed: 401 {&quot;detail&quot;:&quot;Incorrect email or password&quot;}">/app/backend/tests/test_phase2.py:112: coach.demo login failed: 401 {"detail":"Incorrect email or password"}</skipped></testcase><testcase classname="tests.test_phase2.TestChat" name="test_send_and_fetch_messages" time="1.146" /><testcase classname="tests.test_phase2.TestChat" name="test_chat_forbidden_between_unrelated_users" time="0.357" /><testcase classname="tests.test_phase2.TestChat" name="test_empty_text_rejected" time="0.067" /><testcase classname="tests.test_phase2.TestChat" name="test_chat_unknown_peer" time="0.081" /><testcase classname="tests.test_phase2.TestCoachInbox" name="test_inbox_returns_workout_logs_with_urgency" time="0.454" /><testcase classname="tests.test_phase2.TestCoachInbox" name="test_inbox_review_toggles_reviewed" time="0.200" /><testcase classname="tests.test_phase2.TestCoachInbox" name="test_inbox_authz_client_forbidden" time="0.059" /><testcase classname="tests.test_phase2.TestCoachInbox" name="test_inbox_review_not_your_client" time="0.061" /><testcase classname="tests.test_phase2.TestDailyHabits" name="test_get_habits_default_zero" time="0.065" /><testcase classname="tests.test_phase2.TestDailyHabits" name="test_update_water_and_affirmation" time="0.189" /><testcase classname="tests.test_phase2.TestDailyHabits" name="test_water_bounds" time="0.148" /><testcase classname="tests.test_phase2.TestCoachSpecialty" name="test_set_specialty_on_role" time="0.342" /><testcase classname="tests.test_phase2.TestCoachSpecialty" name="test_update_specialty" time="0.178" /><testcase classname="tests.test_phase2.TestCoachSpecialty" name="test_invalid_specialty_rejected" time="0.063" /><testcase classname="tests.test_phase2.TestAIProgramImport" name="test_import_requires_coach" time="0.064" /><testcase classname="tests.test_phase2.TestAIProgramImport" name="test_import_bad_base64_returns_502" time="0.240" /><testcase classname="tests.test_phase2.TestAIProgramImport" name="test_import_real_image" time="3.080" /><testcase classname="tests.test_phase3.TestInboxReply" name="test_inbox_reply_creates_message_and_marks_reviewed" time="1.042" /><testcase classname="tests.test_phase3.TestInboxReply" name="test_reply_empty_text_rejected" time="0.154" /><testcase classname="tests.test_phase3.TestInboxReply" name="test_reply_unknown_log_404" time="0.070" /><testcase classname="tests.test_phase3.TestInboxReply" name="test_reply_forbidden_for_client" time="0.080" /><testcase classname="tests.test_phase3.TestExerciseLibrary" name="test_library_returns_aggregated_from_sessions" time="0.095" /><testcase classname="tests.test_phase3.TestExerciseLibrary" name="test_add_manual_exercise_and_delete" time="0.327" /><testcase classname="tests.test_phase3.TestExerciseLibrary" name="test_library_forbidden_for_client" time="0.078" /><testcase classname="tests.test_phase3.TestExerciseLibrary" name="test_add_exercise_validation" time="0.073" /><testcase classname="tests.test_phase3.TestClientProgress" name="test_client_detail_includes_progress" time="0.089" /><testcase classname="tests.test_phase3.TestClientProgress" name="test_client_detail_unrelated_404" time="0.072" /><testcase classname="tests.test_phase3.TestProgramDuplicate" name="test_duplicate_program_creates_copy" time="0.428" /><testcase classname="tests.test_phase3.TestProgramDuplicate" name="test_duplicate_unknown_404" time="0.069" /><testcase classname="tests.test_phase3.TestProgramDuplicate" name="test_duplicate_forbidden_for_client" time="0.164" /><testcase classname="tests.test_phase3.TestDashboardLayout" name="test_get_default_layout" time="0.144" /><testcase classname="tests.test_phase3.TestDashboardLayout" name="test_put_reorder_and_hide_persists" time="0.151" /><testcase classname="tests.test_phase3.TestDashboardLayout" name="test_put_unknown_keys_ignored_and_missing_appended" time="0.153" /><testcase classname="tests.test_phase3.TestDashboardLayout" name="test_layout_requires_auth" time="0.075" /><testcase classname="tests.test_phase4.TestUploads" name="test_upload_unauth_401" time="0.145" /><testcase classname="tests.test_phase4.TestUploads" name="test_upload_rejects_non_image" time="0.360" /><testcase classname="tests.test_phase4.TestUploads" name="test_upload_success_and_public_get" time="0.618" /><testcase classname="tests.test_phase4.TestUploads" name="test_serve_missing_file_404" time="0.076" /><testcase classname="tests.test_phase4.TestBrand" name="test_put_brand_persists_and_get_me_reflects" time="0.350" /><testcase classname="tests.test_phase4.TestBrand" name="test_null_logo_clears" time="0.135" /><testcase classname="tests.test_phase4.TestBrand" name="test_theme_color_persists" time="0.140" /><testcase classname="tests.test_phase4.TestProgramCover" name="test_create_persists_cover" time="0.320" /><testcase classname="tests.test_phase4.TestProgramCover" name="test_list_returns_cover" time="0.077" /><testcase classname="tests.test_phase4.TestProgramCover" name="test_update_without_cover_keeps_existing" time="0.141" /><testcase classname="tests.test_phase4.TestProgramCover" name="test_update_with_new_cover_overwrites" time="0.369" /><testcase classname="tests.test_phase4.TestRemoveClient" name="test_client_shows_up_in_list" time="0.736" /><testcase classname="tests.test_phase4.TestRemoveClient" name="test_delete_client_and_verify_absence" time="0.276" /><testcase classname="tests.test_phase4.TestRemoveClient" name="test_delete_non_client_404" time="0.077" /><testcase classname="tests.test_phase4.TestRemoveClient" name="test_delete_requires_coach" time="0.352" /><testcase classname="tests.test_phase4.TestRegression" name="test_exercise_library_returns_list" time="0.071" /><testcase classname="tests.test_phase4.TestRegression" name="test_exercise_library_add_and_delete" time="0.130" /><testcase classname="tests.test_phase4.TestRegression" name="test_client_detail_has_progress_fields" time="0.138" /><testcase classname="tests.test_phase4.TestRegression" name="test_dashboard_layout_get_and_put" time="0.188" /><testcase classname="tests.test_phase4.TestRegression" name="test_inbox_reply_flow" time="0.262" /><testcase classname="tests.test_phase5_platform" name="test_client_sees_readonly_flags" time="1.139" /><testcase classname="tests.test_phase5_platform" name="test_flag_off_blocks_studio_route" time="0.542" /><testcase classname="tests.test_phase5_platform" name="test_coach_b_cannot_read_coach_a_course" time="1.725" /><testcase classname="tests.test_phase5_platform" name="test_coach_b_cannot_update_coach_a_course" time="0.157" /><testcase classname="tests.test_phase5_platform" name="test_coach_b_cannot_delete_coach_a_course" time="0.126" /><testcase classname="tests.test_phase5_platform" name="test_coach_b_cannot_read_coach_a_lesson" time="0.140" /><testcase classname="tests.test_phase5_platform" name="test_coach_b_cannot_update_coach_a_contact" time="0.163" /><testcase classname="tests.test_phase5_platform" name="test_coach_b_cannot_read_coach_a_contact_history" time="0.110" /><testcase classname="tests.test_phase5_platform" name="test_coach_b_cannot_read_coach_a_note" time="0.147" /><testcase classname="tests.test_phase5_platform" name="test_coach_b_cannot_delete_coach_a_membership_plan" time="0.144" /><testcase classname="tests.test_phase5_platform" name="test_coach_b_cannot_enroll_coach_a_client_in_own_course" time="0.424" /><testcase classname="tests.test_phase5_platform" name="test_coach_b_cannot_generate_draft_for_coach_a_client" time="0.139" /><testcase classname="tests.test_phase5_platform" name="test_client_cannot_read_contacts" time="0.125" /><testcase classname="tests.test_phase5_platform" name="test_client_cannot_read_analytics_overview" time="0.201" /><testcase classname="tests.test_phase5_platform" name="test_client_cannot_read_subscriptions" time="0.145" /><testcase classname="tests.test_phase5_platform" name="test_client_cannot_create_milestone" time="0.141" /><testcase classname="tests.test_phase5_platform" name="test_client_my_plan_never_leaks_private_note" time="0.414" /><testcase classname="tests.test_phase5_platform" name="test_landing_unpublished_returns_404" time="0.852" /><testcase classname="tests.test_phase5_platform" name="test_landing_off_flag_returns_404" time="0.749" /><testcase classname="tests.test_phase5_platform" name="test_checkout_session_for_course" time="0.710" /><testcase classname="tests.test_phase5_platform" name="test_checkout_course_free_rejected" time="0.388" /><testcase classname="tests.test_phase5_platform" name="test_checkout_session_for_membership_and_idempotent" time="1.692" /><testcase classname="tests.test_phase5_platform" name="test_checkout_missing_id_returns_400" time="0.160" /><testcase classname="tests.test_phase5_platform" name="test_private_file_owner_can_read_via_bearer" time="0.580" /><testcase classname="tests.test_phase5_platform" name="test_private_file_unauth_403" time="0.144" /><testcase classname="tests.test_phase5_platform" name="test_private_file_no_auth_403" time="0.180" /><testcase classname="tests.test_phase5_platform" name="test_private_file_signed_link_works" time="0.477" /><testcase classname="tests.test_phase5_platform" name="test_share_toggle_grants_client_access" time="0.605" /><testcase classname="tests.test_phase5_platform" name="test_activate_subscription_and_period_end" time="0.154" /><testcase classname="tests.test_phase5_platform" name="test_community_post_with_foreign_image_rejected" time="0.531" /><testcase classname="tests.test_phase5_platform" name="test_community_client_cannot_post_announcement" time="0.160" /><testcase classname="tests.test_phase5_platform" name="test_community_client_cannot_delete_coach_post" time="0.369" /><testcase classname="tests.test_phase5_platform" name="test_paused_enrollment_returns_402_on_course_read" time="0.973" /><testcase classname="tests.test_phase5_platform" name="test_enrollment_is_idempotent" time="0.863" /><testcase classname="tests.test_phase5_platform" name="test_assistant_models_list" time="0.137" /><testcase classname="tests.test_phase5_platform" name="test_assistant_draft_403_without_consent" time="20.307" /><testcase classname="tests.test_phase5_platform" name="test_analytics_overview_coach_only" time="0.245" /><testcase classname="tests.test_phase5_platform" name="test_analytics_course_owner_only" time="0.478" /><testcase classname="tests.test_phase5_platform" name="test_public_lead_wrong_form_id_404" time="0.121" /><testcase classname="tests.test_phase5_platform" name="test_public_lead_creates_contact_scoped_to_coach" time="0.816" /><testcase classname="tests.test_phase5_platform" name="test_coach_b_still_has_valid_token" time="1.018" /><testcase classname="tests.test_phase6_catalog.TestCatalog" name="test_catalog_shape" time="0.590" /><testcase classname="tests.test_phase6_catalog.TestCatalog" name="test_domain_detail[sleep]" time="0.168" /><testcase classname="tests.test_phase6_catalog.TestCatalog" name="test_domain_detail[health_wellness]" time="0.124" /><testcase classname="tests.test_phase6_catalog.TestCatalog" name="test_domain_detail[career]" time="0.175" /><testcase classname="tests.test_phase6_catalog.TestCatalog" name="test_domain_detail[conflict]" time="0.123" /><testcase classname="tests.test_phase6_catalog.TestCatalog" name="test_domain_detail[grief_loss]" time="0.130" /><testcase classname="tests.test_phase6_catalog.TestCatalog" name="test_domain_unknown_404" time="0.141" /><testcase classname="tests.test_phase6_catalog.TestPractice" name="test_client_put_forbidden" time="0.494" /><testcase classname="tests.test_phase6_catalog.TestPractice" name="test_coach_save_and_get" time="0.292" /><testcase classname="tests.test_phase6_catalog.TestPractice" name="test_client_get_returns_coach_profile" time="0.127" /><testcase classname="tests.test_phase6_catalog.TestInstallKit" name="test_install_creates_forms_and_is_idempotent" time="1.326" /><testcase classname="tests.test_phase6_catalog.TestInstallKit" name="test_install_gated_when_modules_off" time="0.739" /><testcase classname="tests.test_phase6_catalog.TestInstallKit" name="test_install_unknown_domain_404" time="0.130" /><testcase classname="tests.test_phase6_catalog.TestWelcome" name="test_mark_welcomed_and_persist" time="0.234" /><testcase classname="tests.test_phase6_catalog.TestCovers" name="test_requires_auth" time="0.126" /><testcase classname="tests.test_phase6_catalog.TestCovers" name="test_returns_presets_and_mine" time="0.137" /><testcase classname="tests.test_phase6_catalog.TestPhase5Regression" name="test_studio_my_plan_no_private_note" time="0.140" /><testcase classname="tests.test_phase6_catalog.TestPhase5Regression" name="test_cross_coach_isolation" time="0.377" /><testcase classname="tests.test_phase6_catalog.TestPhase5Regression" name="test_module_flags_gate_courses" time="0.534" /><testcase classname="tests.test_phase6_catalog.TestPhase5Regression" name="test_private_file_route_before_wildcard" time="0.727" /><testcase classname="tests.test_phase7_booking.TestBookingSettings" name="test_defaults_readable" time="1.698" /><testcase classname="tests.test_phase7_booking.TestBookingSettings" name="test_bad_time_rejected" time="20.602" /><testcase classname="tests.test_phase7_booking.TestBookingSettings" name="test_inverted_window_rejected" time="0.279" /><testcase classname="tests.test_phase7_booking.TestBookingSettings" name="test_client_cannot_edit" time="0.468" /><testcase classname="tests.test_phase7_booking.TestPublicBooking" name="test_page_and_slots" time="0.264" /><testcase classname="tests.test_phase7_booking.TestPublicBooking" name="test_unknown_slug_404" time="0.167" /><testcase classname="tests.test_phase7_booking.TestPublicBooking" name="test_bad_date_400" time="0.141" /><testcase classname="tests.test_phase7_booking.TestPublicBooking" name="test_anon_requires_contact_details" time="0.244" /><testcase classname="tests.test_phase7_booking.TestPublicBooking" name="test_slot_outside_availability_rejected" time="0.121" /><testcase classname="tests.test_phase7_booking.TestPublicBooking" name="test_anon_booking_creates_crm_lead" time="0.380" /><testcase classname="tests.test_phase7_booking.TestBookingLifecycle" name="test_full_flow" time="1.161" /><testcase classname="tests.test_phase7_booking.TestBookingLifecycle" name="test_client_only_sees_own_bookings" time="0.537" /><testcase classname="tests.test_phase7_booking.TestBookingLifecycle" name="test_client_link_helper" time="0.172" /><testcase classname="tests.test_phase7_booking.TestCertificates" name="test_list_and_pdf" time="0.436" /><testcase classname="tests.test_phase7_booking.TestCertificates" name="test_unknown_code_404" time="0.106" /><testcase classname="tests.test_phase7_booking.TestVideoStreaming" name="test_range_streaming" time="20.887" /><testcase classname="tests.test_phase7_booking.TestVideoStreaming" name="test_video_requires_authorization" time="0.544" /><testcase classname="tests.test_phase7_booking.TestBookingReminders" name="test_reminder_sweep_sends_and_is_idempotent" time="0.679"><failure message="assert 0 &gt;= 1">E   assert 0 &gt;= 1</failure></testcase><testcase classname="tests.test_phase7_booking.TestBookingReminders" name="test_reminder_sweep_is_coach_only" time="0.282" /><testcase classname="tests.test_phase8_chapters.TestLessonChapters" name="test_create_with_chapters_returns_sorted" time="1.045" /><testcase classname="tests.test_phase8_chapters.TestLessonChapters" name="test_update_replaces_chapters" time="0.613" /><testcase classname="tests.test_phase8_chapters.TestLessonChapters" name="test_chapters_default_to_empty" time="0.445" /><testcase classname="tests.test_phase8_chapters.TestLessonChapters" name="test_invalid_timestamp_rejected" time="0.459" /><testcase classname="tests.test_security_fixes.TestFix1ConnectionRequestFlow" name="test_coach_email_join_creates_pending_not_instant" time="0.606" /><testcase classname="tests.test_security_fixes.TestFix1ConnectionRequestFlow" name="test_client_coach_endpoint_shows_pending_not_connected" time="0.671" /><testcase classname="tests.test_security_fixes.TestFix1ConnectionRequestFlow" name="test_client_not_in_coach_clients_list_until_approved" time="0.975" /><testcase classname="tests.test_security_fixes.TestFix1ConnectionRequestFlow" name="test_pending_request_appears_in_coach_connection_requests" time="0.817" /><testcase classname="tests.test_security_fixes.TestFix1ConnectionRequestFlow" name="test_approve_connects_client_and_appears_in_clients_list" time="0.893" /><testcase classname="tests.test_security_fixes.TestFix1ConnectionRequestFlow" name="test_deny_keeps_client_disconnected" time="0.890" /><testcase classname="tests.test_security_fixes.TestFix1ConnectionRequestFlow" name="test_invite_code_join_still_instant" time="0.830" /><testcase classname="tests.test_security_fixes.TestFix2ExerciseGuideRateLimit" name="test_cached_lookup_not_rate_limited_repeated_calls" time="0.764" /><testcase classname="tests.test_security_fixes.TestFix2ExerciseGuideRateLimit" name="test_new_unique_exercise_generates_and_caches" time="1.848" /><testcase classname="tests.test_security_fixes.TestFix3CORS" name="test_cors_headers_allow_origin_star_no_credentials" time="0.039" /><testcase classname="tests.test_security_fixes.TestFix3CORS" name="test_normal_login_works_end_to_end" time="0.342" /><testcase classname="tests.test_security_fixes.TestFix4LoginRateLimit" name="test_repeated_correct_login_never_rate_limited" time="2.775" /><testcase classname="tests.test_security_fixes.TestFix4LoginRateLimit" name="test_repeated_wrong_password_eventually_429" time="5.206" /><testcase classname="tests.test_security_fixes.TestFix4ForgotResetRateLimit" name="test_forgot_password_rate_limited_after_3_per_email" time="1.099" /><testcase classname="tests.test_security_fixes.TestFix5CertificateRateLimit" name="test_normal_certificate_lookup_works" time="0.087" /><testcase classname="tests.test_security_fixes.TestFix5CertificateRateLimit" name="test_certificate_pdf_lookup_works" time="0.067" /></testsuite></testsuites>