<?xml version="1.0" encoding="utf-8"?><testsuites name="pytest tests"><testsuite name="pytest" errors="0" failures="0" skipped="0" tests="41" time="22.140" timestamp="2026-09-01T15:10:28.620998+00:00" hostname="agent-env-59e082a9-6cf2-463f-8be1-ec4648cfa447"><testcase classname="tests.test_phase5_platform" name="test_client_sees_readonly_flags" time="1.304" /><testcase classname="tests.test_phase5_platform" name="test_flag_off_blocks_studio_route" time="0.618" /><testcase classname="tests.test_phase5_platform" name="test_coach_b_cannot_read_coach_a_course" time="2.002" /><testcase classname="tests.test_phase5_platform" name="test_coach_b_cannot_update_coach_a_course" time="0.156" /><testcase classname="tests.test_phase5_platform" name="test_coach_b_cannot_delete_coach_a_course" time="0.179" /><testcase classname="tests.test_phase5_platform" name="test_coach_b_cannot_read_coach_a_lesson" time="0.147" /><testcase classname="tests.test_phase5_platform" name="test_coach_b_cannot_update_coach_a_contact" time="0.147" /><testcase classname="tests.test_phase5_platform" name="test_coach_b_cannot_read_coach_a_contact_history" time="0.200" /><testcase classname="tests.test_phase5_platform" name="test_coach_b_cannot_read_coach_a_note" time="0.112" /><testcase classname="tests.test_phase5_platform" name="test_coach_b_cannot_delete_coach_a_membership_plan" time="0.133" /><testcase classname="tests.test_phase5_platform" name="test_coach_b_cannot_enroll_coach_a_client_in_own_course" time="0.587" /><testcase classname="tests.test_phase5_platform" name="test_coach_b_cannot_generate_draft_for_coach_a_client" time="0.180" /><testcase classname="tests.test_phase5_platform" name="test_client_cannot_read_contacts" time="0.131" /><testcase classname="tests.test_phase5_platform" name="test_client_cannot_read_analytics_overview" time="0.163" /><testcase classname="tests.test_phase5_platform" name="test_client_cannot_read_subscriptions" time="0.164" /><testcase classname="tests.test_phase5_platform" name="test_client_cannot_create_milestone" time="0.143" /><testcase classname="tests.test_phase5_platform" name="test_client_my_plan_never_leaks_private_note" time="0.445" /><testcase classname="tests.test_phase5_platform" name="test_landing_unpublished_returns_404" time="0.929" /><testcase classname="tests.test_phase5_platform" name="test_landing_off_flag_returns_404" time="2.235" /><testcase classname="tests.test_phase5_platform" name="test_checkout_session_for_course" time="0.826" /><testcase classname="tests.test_phase5_platform" name="test_checkout_course_free_rejected" time="0.490" /><testcase classname="tests.test_phase5_platform" name="test_checkout_session_for_membership_and_idempotent" time="1.721" /><testcase classname="tests.test_phase5_platform" name="test_checkout_missing_id_returns_400" time="0.142" /><testcase classname="tests.test_phase5_platform" name="test_private_file_owner_can_read_via_bearer" time="0.613" /><testcase classname="tests.test_phase5_platform" name="test_private_file_unauth_403" time="0.138" /><testcase classname="tests.test_phase5_platform" name="test_private_file_no_auth_403" time="0.173" /><testcase classname="tests.test_phase5_platform" name="test_private_file_signed_link_works" time="0.475" /><testcase classname="tests.test_phase5_platform" name="test_share_toggle_grants_client_access" time="0.563" /><testcase classname="tests.test_phase5_platform" name="test_activate_subscription_and_period_end" time="0.161" /><testcase classname="tests.test_phase5_platform" name="test_community_post_with_foreign_image_rejected" time="0.817" /><testcase classname="tests.test_phase5_platform" name="test_community_client_cannot_post_announcement" time="0.174" /><testcase classname="tests.test_phase5_platform" name="test_community_client_cannot_delete_coach_post" time="0.440" /><testcase classname="tests.test_phase5_platform" name="test_paused_enrollment_returns_402_on_course_read" time="1.027" /><testcase classname="tests.test_phase5_platform" name="test_enrollment_is_idempotent" time="0.687" /><testcase classname="tests.test_phase5_platform" name="test_assistant_models_list" time="0.144" /><testcase classname="tests.test_phase5_platform" name="test_assistant_draft_403_without_consent" time="0.300" /><testcase classname="tests.test_phase5_platform" name="test_analytics_overview_coach_only" time="0.161" /><testcase classname="tests.test_phase5_platform" name="test_analytics_course_owner_only" time="0.434" /><testcase classname="tests.test_phase5_platform" name="test_public_lead_wrong_form_id_404" time="0.150" /><testcase classname="tests.test_phase5_platform" name="test_public_lead_creates_contact_scoped_to_coach" time="0.953" /><testcase classname="tests.test_phase5_platform" name="test_coach_b_still_has_valid_token" time="1.201" /></testsuite></testsuites>