<?xml version="1.0" encoding="utf-8"?><testsuites name="pytest tests"><testsuite name="pytest" errors="0" failures="0" skipped="0" tests="20" time="4.154" timestamp="2026-09-01T13:29:48.917437+00:00" hostname="agent-env-59e082a9-6cf2-463f-8be1-ec4648cfa447"><testcase classname="tests.test_phase4.TestUploads" name="test_upload_unauth_401" time="0.528" /><testcase classname="tests.test_phase4.TestRegression" name="test_exercise_library_returns_list" time="0.625" /><testcase classname="tests.test_phase4.TestRegression" name="test_exercise_library_add_and_delete" time="0.355" /><testcase classname="tests.test_phase4.TestUploads" name="test_upload_rejects_non_image" time="0.521" /><testcase classname="tests.test_phase4.TestRegression" name="test_client_detail_has_progress_fields" time="0.173" /><testcase classname="tests.test_phase4.TestUploads" name="test_upload_success_and_public_get" time="0.642" /><testcase classname="tests.test_phase4.TestRegression" name="test_dashboard_layout_get_and_put" time="0.222" /><testcase classname="tests.test_phase4.TestRegression" name="test_inbox_reply_flow" time="0.308" /><testcase classname="tests.test_phase4.TestUploads" name="test_serve_missing_file_404" time="0.306" /><testcase classname="tests.test_phase4.TestRemoveClient" name="test_client_shows_up_in_list" time="0.624" /><testcase classname="tests.test_phase4.TestRemoveClient" name="test_delete_client_and_verify_absence" time="0.241" /><testcase classname="tests.test_phase4.TestProgramCover" name="test_create_persists_cover" time="0.640" /><testcase classname="tests.test_phase4.TestRemoveClient" name="test_delete_non_client_404" time="0.120" /><testcase classname="tests.test_phase4.TestProgramCover" name="test_list_returns_cover" time="0.337" /><testcase classname="tests.test_phase4.TestRemoveClient" name="test_delete_requires_coach" time="0.373" /><testcase classname="tests.test_phase4.TestProgramCover" name="test_update_without_cover_keeps_existing" time="0.308" /><testcase classname="tests.test_phase4.TestBrand" name="test_put_brand_persists_and_get_me_reflects" time="0.403" /><testcase classname="tests.test_phase4.TestProgramCover" name="test_update_with_new_cover_overwrites" time="0.401" /><testcase classname="tests.test_phase4.TestBrand" name="test_null_logo_clears" time="0.227" /><testcase classname="tests.test_phase4.TestBrand" name="test_theme_color_persists" time="0.156" /></testsuite></testsuites>