<?xml version="1.0" encoding="utf-8"?><testsuites name="pytest tests"><testsuite name="pytest" errors="0" failures="0" skipped="0" tests="21" time="10.211" timestamp="2026-08-25T22:53:57.799278+00:00" hostname="agent-env-59e082a9-6cf2-463f-8be1-ec4648cfa447"><testcase classname="tests.test_phase2.TestRegressionSmoke" name="test_root" time="0.308" /><testcase classname="tests.test_phase2.TestRegressionSmoke" name="test_demo_coach_login_and_me" time="0.724" /><testcase classname="tests.test_phase2.TestRegressionSmoke" name="test_demo_client_login_and_dashboard" time="0.410" /><testcase classname="tests.test_phase2.TestRegressionSmoke" name="test_demo_coach_clients" time="0.101" /><testcase classname="tests.test_phase2.TestChat" name="test_send_and_fetch_messages" time="1.927" /><testcase classname="tests.test_phase2.TestChat" name="test_chat_forbidden_between_unrelated_users" time="0.553" /><testcase classname="tests.test_phase2.TestChat" name="test_empty_text_rejected" time="0.097" /><testcase classname="tests.test_phase2.TestChat" name="test_chat_unknown_peer" time="0.108" /><testcase classname="tests.test_phase2.TestDailyHabits" name="test_get_habits_default_zero" time="0.059" /><testcase classname="tests.test_phase2.TestCoachInbox" name="test_inbox_returns_workout_logs_with_urgency" time="1.912" /><testcase classname="tests.test_phase2.TestDailyHabits" name="test_update_water_and_affirmation" time="0.210" /><testcase classname="tests.test_phase2.TestDailyHabits" name="test_water_bounds" time="0.112" /><testcase classname="tests.test_phase2.TestCoachSpecialty" name="test_set_specialty_on_role" time="0.379" /><testcase classname="tests.test_phase2.TestCoachSpecialty" name="test_update_specialty" time="0.208" /><testcase classname="tests.test_phase2.TestCoachInbox" name="test_inbox_review_toggles_reviewed" time="0.305" /><testcase classname="tests.test_phase2.TestCoachSpecialty" name="test_invalid_specialty_rejected" time="0.054" /><testcase classname="tests.test_phase2.TestAIProgramImport" name="test_import_requires_coach" time="0.098" /><testcase classname="tests.test_phase2.TestCoachInbox" name="test_inbox_authz_client_forbidden" time="0.098" /><testcase classname="tests.test_phase2.TestAIProgramImport" name="test_import_bad_base64_returns_502" time="2.517" /><testcase classname="tests.test_phase2.TestCoachInbox" name="test_inbox_review_not_your_client" time="0.114" /><testcase classname="tests.test_phase2.TestAIProgramImport" name="test_import_real_image" time="3.541" /></testsuite></testsuites>