<?xml version="1.0" encoding="utf-8"?><testsuites name="pytest tests"><testsuite name="pytest" errors="0" failures="0" skipped="0" tests="23" time="9.324" timestamp="2026-09-01T19:03:19.871344+00:00" hostname="agent-env-59e082a9-6cf2-463f-8be1-ec4648cfa447"><testcase classname="tests.test_phase7_booking.TestPublicBooking" name="test_page_and_slots" time="1.513" /><testcase classname="tests.test_phase8_chapters.TestLessonChapters" name="test_create_with_chapters_returns_sorted" time="1.649" /><testcase classname="tests.test_phase7_booking.TestPublicBooking" name="test_unknown_slug_404" time="0.169" /><testcase classname="tests.test_phase7_booking.TestPublicBooking" name="test_bad_date_400" time="0.148" /><testcase classname="tests.test_phase8_chapters.TestLessonChapters" name="test_update_replaces_chapters" time="0.684" /><testcase classname="tests.test_phase7_booking.TestPublicBooking" name="test_anon_requires_contact_details" time="0.329" /><testcase classname="tests.test_phase7_booking.TestPublicBooking" name="test_slot_outside_availability_rejected" time="0.170" /><testcase classname="tests.test_phase7_booking.TestPublicBooking" name="test_anon_booking_creates_crm_lead" time="0.520" /><testcase classname="tests.test_phase8_chapters.TestLessonChapters" name="test_chapters_default_to_empty" time="0.474" /><testcase classname="tests.test_phase7_booking.TestBookingSettings" name="test_defaults_readable" time="0.148" /><testcase classname="tests.test_phase7_booking.TestBookingSettings" name="test_bad_time_rejected" time="0.311" /><testcase classname="tests.test_phase8_chapters.TestLessonChapters" name="test_invalid_timestamp_rejected" time="0.579" /><testcase classname="tests.test_phase7_booking.TestBookingSettings" name="test_inverted_window_rejected" time="0.477" /><testcase classname="tests.test_phase7_booking.TestBookingSettings" name="test_client_cannot_edit" time="0.593" /><testcase classname="tests.test_phase7_booking.TestCertificates" name="test_list_and_pdf" time="0.436" /><testcase classname="tests.test_phase7_booking.TestBookingLifecycle" name="test_full_flow" time="2.759" /><testcase classname="tests.test_phase7_booking.TestCertificates" name="test_unknown_code_404" time="0.208" /><testcase classname="tests.test_phase7_booking.TestVideoStreaming" name="test_range_streaming" time="1.608" /><testcase classname="tests.test_phase7_booking.TestBookingLifecycle" name="test_client_only_sees_own_bookings" time="0.624" /><testcase classname="tests.test_phase7_booking.TestVideoStreaming" name="test_video_requires_authorization" time="0.751" /><testcase classname="tests.test_phase7_booking.TestBookingLifecycle" name="test_client_link_helper" time="0.336" /><testcase classname="tests.test_phase7_booking.TestBookingReminders" name="test_reminder_sweep_sends_and_is_idempotent" time="1.292" /><testcase classname="tests.test_phase7_booking.TestBookingReminders" name="test_reminder_sweep_is_coach_only" time="0.326" /></testsuite></testsuites>