<?xml version="1.0" encoding="utf-8"?><testsuites name="pytest tests"><testsuite name="pytest" errors="0" failures="0" skipped="0" tests="17" time="2.548" timestamp="2026-08-25T23:37:13.569118+00:00" hostname="agent-env-59e082a9-6cf2-463f-8be1-ec4648cfa447"><testcase classname="tests.test_phase3.TestExerciseLibrary" name="test_library_returns_aggregated_from_sessions" time="0.936" /><testcase classname="tests.test_phase3.TestInboxReply" name="test_inbox_reply_creates_message_and_marks_reviewed" time="1.135" /><testcase classname="tests.test_phase3.TestExerciseLibrary" name="test_add_manual_exercise_and_delete" time="0.327" /><testcase classname="tests.test_phase3.TestInboxReply" name="test_reply_empty_text_rejected" time="0.108" /><testcase classname="tests.test_phase3.TestInboxReply" name="test_reply_unknown_log_404" time="0.087" /><testcase classname="tests.test_phase3.TestInboxReply" name="test_reply_forbidden_for_client" time="0.203" /><testcase classname="tests.test_phase3.TestDashboardLayout" name="test_get_default_layout" time="0.118" /><testcase classname="tests.test_phase3.TestExerciseLibrary" name="test_library_forbidden_for_client" time="0.350" /><testcase classname="tests.test_phase3.TestExerciseLibrary" name="test_add_exercise_validation" time="0.097" /><testcase classname="tests.test_phase3.TestDashboardLayout" name="test_put_reorder_and_hide_persists" time="0.100" /><testcase classname="tests.test_phase3.TestProgramDuplicate" name="test_duplicate_program_creates_copy" time="0.345" /><testcase classname="tests.test_phase3.TestDashboardLayout" name="test_put_unknown_keys_ignored_and_missing_appended" time="0.116" /><testcase classname="tests.test_phase3.TestDashboardLayout" name="test_layout_requires_auth" time="0.051" /><testcase classname="tests.test_phase3.TestClientProgress" name="test_client_detail_includes_progress" time="0.051" /><testcase classname="tests.test_phase3.TestClientProgress" name="test_client_detail_unrelated_404" time="0.091" /><testcase classname="tests.test_phase3.TestProgramDuplicate" name="test_duplicate_unknown_404" time="0.066" /><testcase classname="tests.test_phase3.TestProgramDuplicate" name="test_duplicate_forbidden_for_client" time="0.113" /></testsuite></testsuites>