<?xml version="1.0" encoding="utf-8"?><testsuites name="pytest tests"><testsuite name="pytest" errors="0" failures="0" skipped="0" tests="20" time="6.752" timestamp="2026-09-01T16:02:03.156498+00:00" hostname="agent-env-59e082a9-6cf2-463f-8be1-ec4648cfa447"><testcase classname="tests.test_phase6_catalog.TestCatalog" name="test_catalog_shape" time="1.027" /><testcase classname="tests.test_phase6_catalog.TestPhase5Regression" name="test_studio_my_plan_no_private_note" time="1.178" /><testcase classname="tests.test_phase6_catalog.TestCatalog" name="test_domain_detail[sleep]" time="0.174" /><testcase classname="tests.test_phase6_catalog.TestCatalog" name="test_domain_detail[health_wellness]" time="0.384" /><testcase classname="tests.test_phase6_catalog.TestCatalog" name="test_domain_detail[career]" time="0.180" /><testcase classname="tests.test_phase6_catalog.TestCatalog" name="test_domain_detail[conflict]" time="0.203" /><testcase classname="tests.test_phase6_catalog.TestPhase5Regression" name="test_cross_coach_isolation" time="1.180" /><testcase classname="tests.test_phase6_catalog.TestCatalog" name="test_domain_detail[grief_loss]" time="0.168" /><testcase classname="tests.test_phase6_catalog.TestCatalog" name="test_domain_unknown_404" time="0.244" /><testcase classname="tests.test_phase6_catalog.TestPhase5Regression" name="test_module_flags_gate_courses" time="0.961" /><testcase classname="tests.test_phase6_catalog.TestPractice" name="test_client_put_forbidden" time="0.517" /><testcase classname="tests.test_phase6_catalog.TestPractice" name="test_coach_save_and_get" time="0.316" /><testcase classname="tests.test_phase6_catalog.TestPractice" name="test_client_get_returns_coach_profile" time="0.164" /><testcase classname="tests.test_phase6_catalog.TestPhase5Regression" name="test_private_file_route_before_wildcard" time="0.778" /><testcase classname="tests.test_phase6_catalog.TestCovers" name="test_requires_auth" time="0.165" /><testcase classname="tests.test_phase6_catalog.TestCovers" name="test_returns_presets_and_mine" time="0.157" /><testcase classname="tests.test_phase6_catalog.TestWelcome" name="test_mark_welcomed_and_persist" time="0.391" /><testcase classname="tests.test_phase6_catalog.TestInstallKit" name="test_install_creates_forms_and_is_idempotent" time="1.775" /><testcase classname="tests.test_phase6_catalog.TestInstallKit" name="test_install_gated_when_modules_off" time="0.366" /><testcase classname="tests.test_phase6_catalog.TestInstallKit" name="test_install_unknown_domain_404" time="0.167" /></testsuite></testsuites>