<?xml version="1.0" encoding="utf-8"?><testsuites name="pytest tests"><testsuite name="pytest" errors="0" failures="0" skipped="0" tests="8" time="2.136" timestamp="2026-09-09T02:18:24.018578+00:00" hostname="agent-env-59e082a9-6cf2-463f-8be1-ec4648cfa447"><testcase classname="tests.test_push_notifications.TestRegisterPushEndpoint" name="test_register_push_valid_body_does_not_crash" time="1.068" /><testcase classname="tests.test_push_notifications.TestRegisterPushEndpoint" name="test_register_push_missing_fields_returns_422" time="0.117" /><testcase classname="tests.test_push_notifications.TestPushDoesNotBreakChat" name="test_send_message_succeeds_despite_push_relay_failure" time="1.267" /><testcase classname="tests.test_push_notifications.TestRegisterPushEndpoint" name="test_register_push_invalid_types_returns_422" time="0.117" /><testcase classname="tests.test_push_notifications.TestPushDoesNotBreakChat" name="test_get_messages_after_send_persisted" time="0.102" /><testcase classname="tests.test_push_notifications.TestRegisterPushEndpoint" name="test_register_push_empty_body_returns_422" time="0.118" /><testcase classname="tests.test_push_notifications.TestPushDoesNotBreakBooking" name="test_create_booking_succeeds_despite_push_relay_failure" time="0.368" /><testcase classname="tests.test_push_notifications.TestPushDoesNotBreakBooking" name="test_run_reminder_sweep_returns_normally" time="0.079" /></testsuite></testsuites>