<?xml version="1.0" encoding="utf-8"?><testsuites name="pytest tests"><testsuite name="pytest" errors="0" failures="0" skipped="0" tests="34" time="6.941" timestamp="2026-08-25T22:12:17.760918+00:00" hostname="agent-env-59e082a9-6cf2-463f-8be1-ec4648cfa447"><testcase classname="tests.backend_test.TestCoachEndpoints" name="test_authz_client_cannot_use_coach_routes" time="0.933" /><testcase classname="tests.backend_test.TestPrograms" name="test_program_created_with_schedule" time="0.859" /><testcase classname="tests.backend_test.TestPrograms" name="test_get_program_expands_schedule" time="0.072" /><testcase classname="tests.backend_test.TestPrograms" name="test_bad_category" time="0.290" /><testcase classname="tests.backend_test.TestPrograms" name="test_bad_total_days" time="0.069" /><testcase classname="tests.backend_test.TestPrograms" name="test_schedule_length_mismatch" time="0.071" /><testcase classname="tests.backend_test.TestPrograms" name="test_program_create_requires_coach" time="0.668" /><testcase classname="tests.backend_test.TestPrograms" name="test_update_program_resize" time="0.148" /><testcase classname="tests.backend_test.TestAuth" name="test_root" time="0.073" /><testcase classname="tests.backend_test.TestAuth" name="test_register_and_login" time="0.947" /><testcase classname="tests.backend_test.TestCoachEndpoints" name="test_list_clients_and_status" time="1.694" /><testcase classname="tests.backend_test.TestCoachEndpoints" name="test_client_detail" time="0.288" /><testcase classname="tests.backend_test.TestCoachEndpoints" name="test_client_detail_wrong_client_404" time="0.293" /><testcase classname="tests.backend_test.TestAuth" name="test_me_endpoint" time="0.069" /><testcase classname="tests.backend_test.TestCoachEndpoints" name="test_coach_stats_and_activity" time="0.154" /><testcase classname="tests.backend_test.TestAuth" name="test_me_no_auth" time="0.069" /><testcase classname="tests.backend_test.TestAuth" name="test_session_invalid" time="0.171" /><testcase classname="tests.backend_test.TestCoachEndpoints" name="test_assign_unknown_client_404" time="0.077" /><testcase classname="tests.backend_test.TestCoachEndpoints" name="test_assign_requires_coach_role" time="0.074" /><testcase classname="tests.backend_test.TestInvites" name="test_client_cannot_create_invite" time="0.072" /><testcase classname="tests.backend_test.TestRoleAndOnboarding" name="test_role_and_onboarding_set" time="0.000" /><testcase classname="tests.backend_test.TestRoleAndOnboarding" name="test_onboarding_validation" time="0.145" /><testcase classname="tests.backend_test.TestInvites" name="test_coach_invite_idempotent" time="0.136" /><testcase classname="tests.backend_test.TestRoleAndOnboarding" name="test_role_validation" time="0.071" /><testcase classname="tests.backend_test.TestInvites" name="test_accept_by_code_and_by_email" time="1.629" /><testcase classname="tests.backend_test.TestSessions" name="test_create_and_get_session" time="0.287" /><testcase classname="tests.backend_test.TestSessions" name="test_list_sessions_owner_only" time="0.072" /><testcase classname="tests.backend_test.TestSessions" name="test_session_create_requires_coach" time="0.075" /><testcase classname="tests.backend_test.TestCheckout" name="test_create_subscription_checkout" time="0.774" /><testcase classname="tests.backend_test.TestCheckout" name="test_checkout_no_auth" time="0.074" /><testcase classname="tests.backend_test.TestInvites" name="test_cannot_connect_to_self" time="0.067" /><testcase classname="tests.backend_test.TestClientDashboardAndLogs" name="test_dashboard_shows_today_session" time="0.755" /><testcase classname="tests.backend_test.TestClientDashboardAndLogs" name="test_workout_log_advances_day" time="0.161" /><testcase classname="tests.backend_test.TestClientDashboardAndLogs" name="test_body_log_and_progress" time="0.288" /></testsuite></testsuites>