<?xml version="1.0" encoding="utf-8"?><testsuites name="pytest tests"><testsuite name="pytest" errors="0" failures="0" skipped="0" tests="11" time="11.491" timestamp="2026-09-09T00:02:52.918697+00:00" hostname="agent-env-59e082a9-6cf2-463f-8be1-ec4648cfa447"><testcase classname="tests.test_quizzes.TestQuizManualBuilder" name="test_get_quiz_empty_initially" time="2.313" /><testcase classname="tests.test_quizzes.TestQuizManualBuilder" name="test_save_quiz_with_mixed_question_types" time="0.402" /><testcase classname="tests.test_quizzes.TestQuizClientTakeSubmit" name="test_take_quiz_never_leaks_correct_answers" time="2.618" /><testcase classname="tests.test_quizzes.TestQuizClientTakeSubmit" name="test_submit_quiz_grades_correctly" time="0.309" /><testcase classname="tests.test_quizzes.TestQuizManualBuilder" name="test_mc_needs_at_least_2_options" time="0.163" /><testcase classname="tests.test_quizzes.TestQuizManualBuilder" name="test_short_answer_needs_correct_text" time="0.142" /><testcase classname="tests.test_quizzes.TestQuizClientTakeSubmit" name="test_submit_quiz_short_answer_case_insensitive_match" time="0.323" /><testcase classname="tests.test_quizzes.TestQuizBuilderAuth" name="test_get_quiz_forbidden_for_client" time="0.134" /><testcase classname="tests.test_quizzes.TestQuizAIGenerate" name="test_generate_questions_from_lesson_content" time="8.020" /><testcase classname="tests.test_quizzes.TestQuizClientTakeSubmit" name="test_no_quiz_submit_returns_400" time="0.348" /><testcase classname="tests.test_quizzes.TestQuizQuestionCountField" name="test_lesson_public_includes_quiz_question_count" time="0.506" /></testsuite></testsuites>