<?xml version="1.0" encoding="utf-8"?><testsuites name="pytest tests"><testsuite name="pytest" errors="0" failures="1" skipped="3" tests="245" time="236.508" timestamp="2026-09-09T15:11:42.598437+00:00" hostname="agent-env-59e082a9-6cf2-463f-8be1-ec4648cfa447"><testcase classname="tests.backend_test.TestAuth" name="test_root" time="0.159" /><testcase classname="tests.backend_test.TestAuth" name="test_register_and_login" time="1.021" /><testcase classname="tests.backend_test.TestAuth" name="test_me_endpoint" time="0.559" /><testcase classname="tests.backend_test.TestAuth" name="test_me_no_auth" time="0.290" /><testcase classname="tests.backend_test.TestAuth" name="test_session_invalid" time="0.172" /><testcase classname="tests.backend_test.TestRoleAndOnboarding" name="test_role_and_onboarding_set" time="0.476" /><testcase classname="tests.backend_test.TestRoleAndOnboarding" name="test_onboarding_validation" time="0.175" /><testcase classname="tests.backend_test.TestRoleAndOnboarding" name="test_role_validation" time="0.092" /><testcase classname="tests.backend_test.TestSessions" name="test_create_and_get_session" time="0.243" /><testcase classname="tests.backend_test.TestSessions" name="test_list_sessions_owner_only" time="0.086" /><testcase classname="tests.backend_test.TestSessions" name="test_session_create_requires_coach" time="0.082" /><testcase classname="tests.backend_test.TestPrograms" name="test_program_created_with_schedule" time="0.000" /><testcase classname="tests.backend_test.TestPrograms" name="test_get_program_expands_schedule" time="0.080" /><testcase classname="tests.backend_test.TestPrograms" name="test_bad_category" time="0.125" /><testcase classname="tests.backend_test.TestPrograms" name="test_bad_total_days" time="0.077" /><testcase classname="tests.backend_test.TestPrograms" name="test_schedule_length_mismatch" time="0.122" /><testcase classname="tests.backend_test.TestPrograms" name="test_program_create_requires_coach" time="0.077" /><testcase classname="tests.backend_test.TestPrograms" name="test_update_program_resize" time="0.169" /><testcase classname="tests.backend_test.TestInvites" name="test_client_cannot_create_invite" time="0.082" /><testcase classname="tests.backend_test.TestInvites" name="test_coach_invite_idempotent" time="0.196" /><testcase classname="tests.backend_test.TestInvites" name="test_accept_by_code_and_by_email" time="1.560" /><testcase classname="tests.backend_test.TestInvites" name="test_cannot_connect_to_self" time="0.078" /><testcase classname="tests.backend_test.TestCoachEndpoints" name="test_authz_client_cannot_use_coach_routes" time="0.251" /><testcase classname="tests.backend_test.TestCoachEndpoints" name="test_list_clients_and_status" time="0.883" /><testcase classname="tests.backend_test.TestCoachEndpoints" name="test_client_detail" time="0.091" /><testcase classname="tests.backend_test.TestCoachEndpoints" name="test_client_detail_wrong_client_404" time="0.082" /><testcase classname="tests.backend_test.TestCoachEndpoints" name="test_coach_stats_and_activity" time="0.184" /><testcase classname="tests.backend_test.TestCoachEndpoints" name="test_assign_unknown_client_404" time="0.094" /><testcase classname="tests.backend_test.TestCoachEndpoints" name="test_assign_requires_coach_role" time="0.085" /><testcase classname="tests.backend_test.TestClientDashboardAndLogs" name="test_dashboard_shows_today_session" time="0.112" /><testcase classname="tests.backend_test.TestClientDashboardAndLogs" name="test_workout_log_advances_day" time="0.209" /><testcase classname="tests.backend_test.TestClientDashboardAndLogs" name="test_body_log_and_progress" time="0.348" /><testcase classname="tests.backend_test.TestCheckout" name="test_create_subscription_checkout" time="0.523" /><testcase classname="tests.backend_test.TestCheckout" name="test_checkout_no_auth" time="0.080" /><testcase classname="tests.test_apple_auth.TestAppleSignInMalformedToken" name="test_garbage_string_token_returns_401" time="11.425" /><testcase classname="tests.test_apple_auth.TestAppleSignInMalformedToken" name="test_empty_string_token_returns_401_or_422" time="0.186" /><testcase classname="tests.test_apple_auth.TestAppleSignInMalformedToken" name="test_missing_identity_token_field_returns_422" time="0.172" /><testcase classname="tests.test_apple_auth.TestAppleSignInMalformedToken" name="test_well_formed_but_unsigned_jwt_returns_401" time="6.356" /><testcase classname="tests.test_apple_auth.TestAppleSignInMalformedToken" name="test_never_500_on_various_bad_inputs" time="0.335" /><testcase classname="tests.test_apple_auth.TestAppleSignInMalformedToken" name="test_extra_optional_fields_dont_break_validation" time="0.142"><failure message="assert 429 == 401&#10; +  where 429 = &lt;Response [429]&gt;.status_code">tests/test_apple_auth.py:67: in test_extra_optional_fields_dont_break_validation
    assert resp.status_code == 401
E   assert 429 == 401
E    +  where 429 = &lt;Response [429]&gt;.status_code</failure></testcase><testcase classname="tests.test_apple_auth.TestAppleSignInRateLimit" name="test_repeated_failures_eventually_rate_limited" time="0.151" /><testcase classname="tests.test_course_import.TestCreateImport" name="test_import_forbidden_for_client" time="0.542" /><testcase classname="tests.test_course_import.TestCreateImport" name="test_import_requires_auth" time="0.161" /><testcase classname="tests.test_course_import.TestCreateImport" name="test_import_two_files_ai_organizes" time="5.580" /><testcase classname="tests.test_course_import.TestCreateImport" name="test_import_more_than_10_files_rejected" time="0.176" /><testcase classname="tests.test_course_import.TestCreateImport" name="test_import_unsupported_file_type_reported_not_crashed" time="4.940" /><testcase classname="tests.test_course_import.TestCreateImport" name="test_import_all_unsupported_files_400" time="0.175" /><testcase classname="tests.test_course_import.TestCreateImport" name="test_import_no_files_400" time="0.156" /><testcase classname="tests.test_course_import.TestGetImport" name="test_get_import_owner_ok" time="4.651" /><testcase classname="tests.test_course_import.TestGetImport" name="test_get_import_not_owner_forbidden_or_404" time="0.346" /><testcase classname="tests.test_course_import.TestGetImport" name="test_get_import_nonexistent_404" time="0.181" /><testcase classname="tests.test_course_import.TestConfirmImport" name="test_confirm_creates_course_with_lessons" time="5.106" /><testcase classname="tests.test_course_import.TestConfirmImport" name="test_confirm_twice_fails_400" time="5.192" /><testcase classname="tests.test_course_import.TestConfirmImport" name="test_confirm_empty_modules_400" time="5.903" /><testcase classname="tests.test_course_import.TestConfirmImport" name="test_confirm_maps_file_kinds_to_lesson_fields" time="4.518" /><testcase classname="tests.test_exercise_ai.TestSmokeRegression" name="test_coach_login_returns_user" time="0.405" /><testcase classname="tests.test_exercise_ai.TestSmokeRegression" name="test_client_login_returns_user" time="0.306" /><testcase classname="tests.test_exercise_ai.TestSmokeRegression" name="test_coach_clients_list" time="0.118" /><testcase classname="tests.test_exercise_ai.TestSmokeRegression" name="test_programs_list_coach" time="0.095" /><testcase classname="tests.test_exercise_ai.TestSmokeRegression" name="test_no_auth_rejected" time="0.087" /><testcase classname="tests.test_exercise_ai.TestBookingReminderRegression" name="test_run_reminders_no_500" time="0.135" /><testcase classname="tests.test_exercise_ai.TestForgotPasswordRegression" name="test_forgot_password_no_500" time="0.392" /><testcase classname="tests.test_exercise_ai.TestForgotPasswordRegression" name="test_forgot_password_unknown_email_no_500" time="0.080" /><testcase classname="tests.test_exercise_ai.TestExerciseGuide" name="test_invalid_short_name_returns_400" time="0.086" /><testcase classname="tests.test_exercise_ai.TestExerciseGuide" name="test_missing_name_returns_422" time="0.082" /><testcase classname="tests.test_exercise_ai.TestExerciseGuide" name="test_coach_can_generate_guide" time="1.658" /><testcase classname="tests.test_exercise_ai.TestExerciseGuide" name="test_client_role_can_also_access" time="1.592" /><testcase classname="tests.test_exercise_ai.TestExerciseGuide" name="test_search_links_never_llm_hallucinated" time="1.857" /><testcase classname="tests.test_phase2.TestRegressionSmoke" name="test_root" time="68.510" /><testcase classname="tests.test_phase2.TestRegressionSmoke" name="test_demo_coach_login_and_me" time="0.088"><skipped type="pytest.skip" message="coach.demo login failed: 401 {&quot;detail&quot;:&quot;Incorrect email or password&quot;}">/app/backend/tests/test_phase2.py:97: coach.demo login failed: 401 {"detail":"Incorrect email or password"}</skipped></testcase><testcase classname="tests.test_phase2.TestRegressionSmoke" name="test_demo_client_login_and_dashboard" time="0.082"><skipped type="pytest.skip" message="client.demo login failed: 401 {&quot;detail&quot;:&quot;Incorrect email or password&quot;}">/app/backend/tests/test_phase2.py:104: client.demo login failed: 401 {"detail":"Incorrect email or password"}</skipped></testcase><testcase classname="tests.test_phase2.TestRegressionSmoke" name="test_demo_coach_clients" time="0.000"><skipped type="pytest.skip" message="coach.demo login failed: 401 {&quot;detail&quot;:&quot;Incorrect email or password&quot;}">/app/backend/tests/test_phase2.py:112: coach.demo login failed: 401 {"detail":"Incorrect email or password"}</skipped></testcase><testcase classname="tests.test_phase2.TestChat" name="test_send_and_fetch_messages" time="1.541" /><testcase classname="tests.test_phase2.TestChat" name="test_chat_forbidden_between_unrelated_users" time="0.559" /><testcase classname="tests.test_phase2.TestChat" name="test_empty_text_rejected" time="0.083" /><testcase classname="tests.test_phase2.TestChat" name="test_chat_unknown_peer" time="0.119" /><testcase classname="tests.test_phase2.TestCoachInbox" name="test_inbox_returns_workout_logs_with_urgency" time="1.238" /><testcase classname="tests.test_phase2.TestCoachInbox" name="test_inbox_review_toggles_reviewed" time="0.309" /><testcase classname="tests.test_phase2.TestCoachInbox" name="test_inbox_authz_client_forbidden" time="0.087" /><testcase classname="tests.test_phase2.TestCoachInbox" name="test_inbox_review_not_your_client" time="0.102" /><testcase classname="tests.test_phase2.TestDailyHabits" name="test_get_habits_default_zero" time="0.086" /><testcase classname="tests.test_phase2.TestDailyHabits" name="test_update_water_and_affirmation" time="0.459" /><testcase classname="tests.test_phase2.TestDailyHabits" name="test_water_bounds" time="0.166" /><testcase classname="tests.test_phase2.TestCoachSpecialty" name="test_set_specialty_on_role" time="0.393" /><testcase classname="tests.test_phase2.TestCoachSpecialty" name="test_update_specialty" time="0.414" /><testcase classname="tests.test_phase2.TestCoachSpecialty" name="test_invalid_specialty_rejected" time="0.080" /><testcase classname="tests.test_phase2.TestAIProgramImport" name="test_import_requires_coach" time="0.117" /><testcase classname="tests.test_phase2.TestAIProgramImport" name="test_import_bad_base64_returns_502" time="0.273" /><testcase classname="tests.test_phase2.TestAIProgramImport" name="test_import_real_image" time="3.340" /><testcase classname="tests.test_phase3.TestInboxReply" name="test_inbox_reply_creates_message_and_marks_reviewed" time="1.456" /><testcase classname="tests.test_phase3.TestInboxReply" name="test_reply_empty_text_rejected" time="0.322" /><testcase classname="tests.test_phase3.TestInboxReply" name="test_reply_unknown_log_404" time="0.127" /><testcase classname="tests.test_phase3.TestInboxReply" name="test_reply_forbidden_for_client" time="0.222" /><testcase classname="tests.test_phase3.TestExerciseLibrary" name="test_library_returns_aggregated_from_sessions" time="0.093" /><testcase classname="tests.test_phase3.TestExerciseLibrary" name="test_add_manual_exercise_and_delete" time="0.739" /><testcase classname="tests.test_phase3.TestExerciseLibrary" name="test_library_forbidden_for_client" time="0.254" /><testcase classname="tests.test_phase3.TestExerciseLibrary" name="test_add_exercise_validation" time="0.118" /><testcase classname="tests.test_phase3.TestClientProgress" name="test_client_detail_includes_progress" time="0.253" /><testcase classname="tests.test_phase3.TestClientProgress" name="test_client_detail_unrelated_404" time="0.072" /><testcase classname="tests.test_phase3.TestProgramDuplicate" name="test_duplicate_program_creates_copy" time="0.991" /><testcase classname="tests.test_phase3.TestProgramDuplicate" name="test_duplicate_unknown_404" time="0.074" /><testcase classname="tests.test_phase3.TestProgramDuplicate" name="test_duplicate_forbidden_for_client" time="0.539" /><testcase classname="tests.test_phase3.TestDashboardLayout" name="test_get_default_layout" time="0.318" /><testcase classname="tests.test_phase3.TestDashboardLayout" name="test_put_reorder_and_hide_persists" time="0.308" /><testcase classname="tests.test_phase3.TestDashboardLayout" name="test_put_unknown_keys_ignored_and_missing_appended" time="0.333" /><testcase classname="tests.test_phase3.TestDashboardLayout" name="test_layout_requires_auth" time="0.075" /><testcase classname="tests.test_phase4.TestUploads" name="test_upload_unauth_401" time="0.252" /><testcase classname="tests.test_phase4.TestUploads" name="test_upload_rejects_non_image" time="0.540" /><testcase classname="tests.test_phase4.TestUploads" name="test_upload_success_and_public_get" time="0.987" /><testcase classname="tests.test_phase4.TestUploads" name="test_serve_missing_file_404" time="0.308" /><testcase classname="tests.test_phase4.TestBrand" name="test_put_brand_persists_and_get_me_reflects" time="0.631" /><testcase classname="tests.test_phase4.TestBrand" name="test_null_logo_clears" time="0.305" /><testcase classname="tests.test_phase4.TestBrand" name="test_theme_color_persists" time="0.168" /><testcase classname="tests.test_phase4.TestProgramCover" name="test_create_persists_cover" time="0.608" /><testcase classname="tests.test_phase4.TestProgramCover" name="test_list_returns_cover" time="0.106" /><testcase classname="tests.test_phase4.TestProgramCover" name="test_update_without_cover_keeps_existing" time="0.171" /><testcase classname="tests.test_phase4.TestProgramCover" name="test_update_with_new_cover_overwrites" time="0.366" /><testcase classname="tests.test_phase4.TestRemoveClient" name="test_client_shows_up_in_list" time="0.813" /><testcase classname="tests.test_phase4.TestRemoveClient" name="test_delete_client_and_verify_absence" time="0.300" /><testcase classname="tests.test_phase4.TestRemoveClient" name="test_delete_non_client_404" time="0.082" /><testcase classname="tests.test_phase4.TestRemoveClient" name="test_delete_requires_coach" time="0.389" /><testcase classname="tests.test_phase4.TestRegression" name="test_exercise_library_returns_list" time="0.106" /><testcase classname="tests.test_phase4.TestRegression" name="test_exercise_library_add_and_delete" time="0.168" /><testcase classname="tests.test_phase4.TestRegression" name="test_client_detail_has_progress_fields" time="0.187" /><testcase classname="tests.test_phase4.TestRegression" name="test_dashboard_layout_get_and_put" time="0.235" /><testcase classname="tests.test_phase4.TestRegression" name="test_inbox_reply_flow" time="0.332" /><testcase classname="tests.test_phase5_platform" name="test_client_sees_readonly_flags" time="1.234" /><testcase classname="tests.test_phase5_platform" name="test_flag_off_blocks_studio_route" time="0.597" /><testcase classname="tests.test_phase5_platform" name="test_coach_b_cannot_read_coach_a_course" time="1.911" /><testcase classname="tests.test_phase5_platform" name="test_coach_b_cannot_update_coach_a_course" time="0.140" /><testcase classname="tests.test_phase5_platform" name="test_coach_b_cannot_delete_coach_a_course" time="0.284" /><testcase classname="tests.test_phase5_platform" name="test_coach_b_cannot_read_coach_a_lesson" time="0.156" /><testcase classname="tests.test_phase5_platform" name="test_coach_b_cannot_update_coach_a_contact" time="0.127" /><testcase classname="tests.test_phase5_platform" name="test_coach_b_cannot_read_coach_a_contact_history" time="0.165" /><testcase classname="tests.test_phase5_platform" name="test_coach_b_cannot_read_coach_a_note" time="0.155" /><testcase classname="tests.test_phase5_platform" name="test_coach_b_cannot_delete_coach_a_membership_plan" time="0.176" /><testcase classname="tests.test_phase5_platform" name="test_coach_b_cannot_enroll_coach_a_client_in_own_course" time="0.569" /><testcase classname="tests.test_phase5_platform" name="test_coach_b_cannot_generate_draft_for_coach_a_client" time="0.131" /><testcase classname="tests.test_phase5_platform" name="test_client_cannot_read_contacts" time="0.169" /><testcase classname="tests.test_phase5_platform" name="test_client_cannot_read_analytics_overview" time="0.197" /><testcase classname="tests.test_phase5_platform" name="test_client_cannot_read_subscriptions" time="0.150" /><testcase classname="tests.test_phase5_platform" name="test_client_cannot_create_milestone" time="0.153" /><testcase classname="tests.test_phase5_platform" name="test_client_my_plan_never_leaks_private_note" time="0.497" /><testcase classname="tests.test_phase5_platform" name="test_landing_unpublished_returns_404" time="0.919" /><testcase classname="tests.test_phase5_platform" name="test_landing_off_flag_returns_404" time="0.958" /><testcase classname="tests.test_phase5_platform" name="test_checkout_session_for_course" time="0.751" /><testcase classname="tests.test_phase5_platform" name="test_checkout_course_free_rejected" time="0.431" /><testcase classname="tests.test_phase5_platform" name="test_checkout_session_for_membership_and_idempotent" time="2.045" /><testcase classname="tests.test_phase5_platform" name="test_checkout_missing_id_returns_400" time="0.124" /><testcase classname="tests.test_phase5_platform" name="test_private_file_owner_can_read_via_bearer" time="0.620" /><testcase classname="tests.test_phase5_platform" name="test_private_file_unauth_403" time="0.166" /><testcase classname="tests.test_phase5_platform" name="test_private_file_no_auth_403" time="0.154" /><testcase classname="tests.test_phase5_platform" name="test_private_file_signed_link_works" time="0.436" /><testcase classname="tests.test_phase5_platform" name="test_share_toggle_grants_client_access" time="0.627" /><testcase classname="tests.test_phase5_platform" name="test_activate_subscription_and_period_end" time="0.143" /><testcase classname="tests.test_phase5_platform" name="test_community_post_with_foreign_image_rejected" time="0.858" /><testcase classname="tests.test_phase5_platform" name="test_community_client_cannot_post_announcement" time="0.130" /><testcase classname="tests.test_phase5_platform" name="test_community_client_cannot_delete_coach_post" time="0.464" /><testcase classname="tests.test_phase5_platform" name="test_paused_enrollment_returns_402_on_course_read" time="1.195" /><testcase classname="tests.test_phase5_platform" name="test_enrollment_is_idempotent" time="0.890" /><testcase classname="tests.test_phase5_platform" name="test_assistant_models_list" time="0.132" /><testcase classname="tests.test_phase5_platform" name="test_assistant_draft_403_without_consent" time="0.340" /><testcase classname="tests.test_phase5_platform" name="test_analytics_overview_coach_only" time="0.136" /><testcase classname="tests.test_phase5_platform" name="test_analytics_course_owner_only" time="0.517" /><testcase classname="tests.test_phase5_platform" name="test_public_lead_wrong_form_id_404" time="0.173" /><testcase classname="tests.test_phase5_platform" name="test_public_lead_creates_contact_scoped_to_coach" time="0.968" /><testcase classname="tests.test_phase5_platform" name="test_coach_b_still_has_valid_token" time="1.482" /><testcase classname="tests.test_phase6_catalog.TestCatalog" name="test_catalog_shape" time="0.715" /><testcase classname="tests.test_phase6_catalog.TestCatalog" name="test_domain_detail[sleep]" time="0.178" /><testcase classname="tests.test_phase6_catalog.TestCatalog" name="test_domain_detail[health_wellness]" time="0.134" /><testcase classname="tests.test_phase6_catalog.TestCatalog" name="test_domain_detail[career]" time="0.206" /><testcase classname="tests.test_phase6_catalog.TestCatalog" name="test_domain_detail[conflict]" time="0.226" /><testcase classname="tests.test_phase6_catalog.TestCatalog" name="test_domain_detail[grief_loss]" time="0.170" /><testcase classname="tests.test_phase6_catalog.TestCatalog" name="test_domain_unknown_404" time="0.153" /><testcase classname="tests.test_phase6_catalog.TestPractice" name="test_client_put_forbidden" time="0.547" /><testcase classname="tests.test_phase6_catalog.TestPractice" name="test_coach_save_and_get" time="0.300" /><testcase classname="tests.test_phase6_catalog.TestPractice" name="test_client_get_returns_coach_profile" time="0.153" /><testcase classname="tests.test_phase6_catalog.TestInstallKit" name="test_install_creates_forms_and_is_idempotent" time="1.464" /><testcase classname="tests.test_phase6_catalog.TestInstallKit" name="test_install_gated_when_modules_off" time="0.981" /><testcase classname="tests.test_phase6_catalog.TestInstallKit" name="test_install_unknown_domain_404" time="0.169" /><testcase classname="tests.test_phase6_catalog.TestWelcome" name="test_mark_welcomed_and_persist" time="0.334" /><testcase classname="tests.test_phase6_catalog.TestCovers" name="test_requires_auth" time="0.326" /><testcase classname="tests.test_phase6_catalog.TestCovers" name="test_returns_presets_and_mine" time="0.134" /><testcase classname="tests.test_phase6_catalog.TestPhase5Regression" name="test_studio_my_plan_no_private_note" time="0.136" /><testcase classname="tests.test_phase6_catalog.TestPhase5Regression" name="test_cross_coach_isolation" time="0.433" /><testcase classname="tests.test_phase6_catalog.TestPhase5Regression" name="test_module_flags_gate_courses" time="0.592" /><testcase classname="tests.test_phase6_catalog.TestPhase5Regression" name="test_private_file_route_before_wildcard" time="0.764" /><testcase classname="tests.test_phase7_booking.TestBookingSettings" name="test_defaults_readable" time="0.675" /><testcase classname="tests.test_phase7_booking.TestBookingSettings" name="test_bad_time_rejected" time="0.675" /><testcase classname="tests.test_phase7_booking.TestBookingSettings" name="test_inverted_window_rejected" time="0.338" /><testcase classname="tests.test_phase7_booking.TestBookingSettings" name="test_client_cannot_edit" time="0.538" /><testcase classname="tests.test_phase7_booking.TestPublicBooking" name="test_page_and_slots" time="0.341" /><testcase classname="tests.test_phase7_booking.TestPublicBooking" name="test_unknown_slug_404" time="0.125" /><testcase classname="tests.test_phase7_booking.TestPublicBooking" name="test_bad_date_400" time="0.148" /><testcase classname="tests.test_phase7_booking.TestPublicBooking" name="test_anon_requires_contact_details" time="0.289" /><testcase classname="tests.test_phase7_booking.TestPublicBooking" name="test_slot_outside_availability_rejected" time="0.128" /><testcase classname="tests.test_phase7_booking.TestPublicBooking" name="test_anon_booking_creates_crm_lead" time="0.456" /><testcase classname="tests.test_phase7_booking.TestBookingLifecycle" name="test_full_flow" time="1.437" /><testcase classname="tests.test_phase7_booking.TestBookingLifecycle" name="test_client_only_sees_own_bookings" time="0.651" /><testcase classname="tests.test_phase7_booking.TestBookingLifecycle" name="test_client_link_helper" time="0.157" /><testcase classname="tests.test_phase7_booking.TestCertificates" name="test_list_and_pdf" time="0.559" /><testcase classname="tests.test_phase7_booking.TestCertificates" name="test_unknown_code_404" time="0.134" /><testcase classname="tests.test_phase7_booking.TestVideoStreaming" name="test_range_streaming" time="2.054" /><testcase classname="tests.test_phase7_booking.TestVideoStreaming" name="test_video_requires_authorization" time="0.623" /><testcase classname="tests.test_phase7_booking.TestBookingReminders" name="test_reminder_sweep_sends_and_is_idempotent" time="1.185" /><testcase classname="tests.test_phase7_booking.TestBookingReminders" name="test_reminder_sweep_is_coach_only" time="0.282" /><testcase classname="tests.test_phase8_chapters.TestLessonChapters" name="test_create_with_chapters_returns_sorted" time="1.141" /><testcase classname="tests.test_phase8_chapters.TestLessonChapters" name="test_update_replaces_chapters" time="0.726" /><testcase classname="tests.test_phase8_chapters.TestLessonChapters" name="test_chapters_default_to_empty" time="0.444" /><testcase classname="tests.test_phase8_chapters.TestLessonChapters" name="test_invalid_timestamp_rejected" time="0.502" /><testcase classname="tests.test_push_notifications.TestRegisterPushEndpoint" name="test_register_push_valid_body_does_not_crash" time="0.616" /><testcase classname="tests.test_push_notifications.TestRegisterPushEndpoint" name="test_register_push_missing_fields_returns_422" time="0.078" /><testcase classname="tests.test_push_notifications.TestRegisterPushEndpoint" name="test_register_push_invalid_types_returns_422" time="0.076" /><testcase classname="tests.test_push_notifications.TestRegisterPushEndpoint" name="test_register_push_empty_body_returns_422" time="0.099" /><testcase classname="tests.test_push_notifications.TestPushDoesNotBreakChat" name="test_send_message_succeeds_despite_push_relay_failure" time="0.409" /><testcase classname="tests.test_push_notifications.TestPushDoesNotBreakChat" name="test_get_messages_after_send_persisted" time="0.096" /><testcase classname="tests.test_push_notifications.TestPushDoesNotBreakBooking" name="test_create_booking_succeeds_despite_push_relay_failure" time="0.357" /><testcase classname="tests.test_push_notifications.TestPushDoesNotBreakBooking" name="test_run_reminder_sweep_returns_normally" time="0.125" /><testcase classname="tests.test_quizzes.TestQuizBuilderAuth" name="test_get_quiz_forbidden_for_client" time="1.797" /><testcase classname="tests.test_quizzes.TestQuizManualBuilder" name="test_get_quiz_empty_initially" time="0.161" /><testcase classname="tests.test_quizzes.TestQuizManualBuilder" name="test_save_quiz_with_mixed_question_types" time="0.285" /><testcase classname="tests.test_quizzes.TestQuizManualBuilder" name="test_mc_needs_at_least_2_options" time="0.146" /><testcase classname="tests.test_quizzes.TestQuizManualBuilder" name="test_short_answer_needs_correct_text" time="0.150" /><testcase classname="tests.test_quizzes.TestQuizAIGenerate" name="test_generate_questions_from_lesson_content" time="5.011" /><testcase classname="tests.test_quizzes.TestQuizClientTakeSubmit" name="test_take_quiz_never_leaks_correct_answers" time="0.341" /><testcase classname="tests.test_quizzes.TestQuizClientTakeSubmit" name="test_submit_quiz_grades_correctly" time="0.345" /><testcase classname="tests.test_quizzes.TestQuizClientTakeSubmit" name="test_submit_quiz_short_answer_case_insensitive_match" time="0.362" /><testcase classname="tests.test_quizzes.TestQuizClientTakeSubmit" name="test_no_quiz_submit_returns_400" time="0.299" /><testcase classname="tests.test_quizzes.TestQuizQuestionCountField" name="test_lesson_public_includes_quiz_question_count" time="0.481" /><testcase classname="tests.test_security_fixes.TestFix1ConnectionRequestFlow" name="test_coach_email_join_creates_pending_not_instant" time="0.593" /><testcase classname="tests.test_security_fixes.TestFix1ConnectionRequestFlow" name="test_client_coach_endpoint_shows_pending_not_connected" time="0.589" /><testcase classname="tests.test_security_fixes.TestFix1ConnectionRequestFlow" name="test_client_not_in_coach_clients_list_until_approved" time="0.959" /><testcase classname="tests.test_security_fixes.TestFix1ConnectionRequestFlow" name="test_pending_request_appears_in_coach_connection_requests" time="0.606" /><testcase classname="tests.test_security_fixes.TestFix1ConnectionRequestFlow" name="test_approve_connects_client_and_appears_in_clients_list" time="0.919" /><testcase classname="tests.test_security_fixes.TestFix1ConnectionRequestFlow" name="test_deny_keeps_client_disconnected" time="0.893" /><testcase classname="tests.test_security_fixes.TestFix1ConnectionRequestFlow" name="test_invite_code_join_still_instant" time="0.777" /><testcase classname="tests.test_security_fixes.TestFix2ExerciseGuideRateLimit" name="test_cached_lookup_not_rate_limited_repeated_calls" time="0.558" /><testcase classname="tests.test_security_fixes.TestFix2ExerciseGuideRateLimit" name="test_new_unique_exercise_generates_and_caches" time="2.233" /><testcase classname="tests.test_security_fixes.TestFix3CORS" name="test_cors_headers_allow_origin_star_no_credentials" time="0.082" /><testcase classname="tests.test_security_fixes.TestFix3CORS" name="test_normal_login_works_end_to_end" time="0.314" /><testcase classname="tests.test_security_fixes.TestFix4LoginRateLimit" name="test_repeated_correct_login_never_rate_limited" time="2.547" /><testcase classname="tests.test_security_fixes.TestFix4LoginRateLimit" name="test_repeated_wrong_password_eventually_429" time="5.394" /><testcase classname="tests.test_security_fixes.TestFix4ForgotResetRateLimit" name="test_forgot_password_rate_limited_after_3_per_email" time="1.644" /><testcase classname="tests.test_security_fixes.TestFix5CertificateRateLimit" name="test_normal_certificate_lookup_works" time="0.099" /><testcase classname="tests.test_security_fixes.TestFix5CertificateRateLimit" name="test_certificate_pdf_lookup_works" time="0.096" /></testsuite></testsuites>