<?xml version="1.0" encoding="utf-8"?><testsuites name="pytest tests"><testsuite name="pytest" errors="0" failures="0" skipped="0" tests="16" time="11.523" timestamp="2026-09-02T00:43:41.021739+00:00" hostname="agent-env-59e082a9-6cf2-463f-8be1-ec4648cfa447"><testcase classname="tests.test_security_fixes.TestFix2ExerciseGuideRateLimit" name="test_cached_lookup_not_rate_limited_repeated_calls" time="1.259" /><testcase classname="tests.test_security_fixes.TestFix1ConnectionRequestFlow" name="test_coach_email_join_creates_pending_not_instant" time="0.752" /><testcase classname="tests.test_security_fixes.TestFix1ConnectionRequestFlow" name="test_client_coach_endpoint_shows_pending_not_connected" time="0.589" /><testcase classname="tests.test_security_fixes.TestFix2ExerciseGuideRateLimit" name="test_new_unique_exercise_generates_and_caches" time="3.178" /><testcase classname="tests.test_security_fixes.TestFix1ConnectionRequestFlow" name="test_client_not_in_coach_clients_list_until_approved" time="0.896" /><testcase classname="tests.test_security_fixes.TestFix1ConnectionRequestFlow" name="test_pending_request_appears_in_coach_connection_requests" time="0.561" /><testcase classname="tests.test_security_fixes.TestFix1ConnectionRequestFlow" name="test_approve_connects_client_and_appears_in_clients_list" time="0.823" /><testcase classname="tests.test_security_fixes.TestFix1ConnectionRequestFlow" name="test_deny_keeps_client_disconnected" time="0.860" /><testcase classname="tests.test_security_fixes.TestFix3CORS" name="test_cors_headers_allow_origin_star_no_credentials" time="0.032" /><testcase classname="tests.test_security_fixes.TestFix3CORS" name="test_normal_login_works_end_to_end" time="0.286" /><testcase classname="tests.test_security_fixes.TestFix5CertificateRateLimit" name="test_normal_certificate_lookup_works" time="0.225" /><testcase classname="tests.test_security_fixes.TestFix5CertificateRateLimit" name="test_certificate_pdf_lookup_works" time="0.067" /><testcase classname="tests.test_security_fixes.TestFix4ForgotResetRateLimit" name="test_forgot_password_rate_limited_after_3_per_email" time="2.215" /><testcase classname="tests.test_security_fixes.TestFix1ConnectionRequestFlow" name="test_invite_code_join_still_instant" time="1.157" /><testcase classname="tests.test_security_fixes.TestFix4LoginRateLimit" name="test_repeated_correct_login_never_rate_limited" time="2.556" /><testcase classname="tests.test_security_fixes.TestFix4LoginRateLimit" name="test_repeated_wrong_password_eventually_429" time="3.003" /></testsuite></testsuites>